[2020-08-02 16:30:55] local.ERROR: ReflectionException: Class App\Http\Controllers\Request does not exist in C:\Users\sfmah\Documents\Projects\Misc_Projects\telegram-bot\vendor\illuminate\container\Container.php:805
Stack trace:
#0 C:\Users\sfmah\Documents\Projects\Misc_Projects\telegram-bot\vendor\illuminate\container\Container.php(805): ReflectionClass->__construct('App\\Http\\Contro...')
#1 C:\Users\sfmah\Documents\Projects\Misc_Projects\telegram-bot\vendor\illuminate\container\Container.php(687): Illuminate\Container\Container->build('App\\Http\\Contro...')
#2 C:\Users\sfmah\Documents\Projects\Misc_Projects\telegram-bot\vendor\illuminate\container\Container.php(633): Illuminate\Container\Container->resolve('App\\Http\\Contro...', Array)
#3 C:\Users\sfmah\Documents\Projects\Misc_Projects\telegram-bot\vendor\laravel\lumen-framework\src\Application.php(300): Illuminate\Container\Container->make('App\\Http\\Contro...', Array)
#4 C:\Users\sfmah\Documents\Projects\Misc_Projects\telegram-bot\vendor\illuminate\container\BoundMethod.php(175): Laravel\Lumen\Application->make('App\\Http\\Contro...')
#5 C:\Users\sfmah\Documents\Projects\Misc_Projects\telegram-bot\vendor\illuminate\container\BoundMethod.php(126): Illuminate\Container\BoundMethod::addDependencyForCallParameter(Object(Laravel\Lumen\Application), Object(ReflectionParameter), Array, Array)
#6 C:\Users\sfmah\Documents\Projects\Misc_Projects\telegram-bot\vendor\illuminate\container\BoundMethod.php(37): Illuminate\Container\BoundMethod::getMethodDependencies(Object(Laravel\Lumen\Application), Array, Array)
#7 C:\Users\sfmah\Documents\Projects\Misc_Projects\telegram-bot\vendor\illuminate\container\Util.php(37): Illuminate\Container\BoundMethod::Illuminate\Container\{closure}()
#8 C:\Users\sfmah\Documents\Projects\Misc_Projects\telegram-bot\vendor\illuminate\container\BoundMethod.php(95): Illuminate\Container\Util::unwrapIfClosure(Object(Closure))
#9 C:\Users\sfmah\Documents\Projects\Misc_Projects\telegram-bot\vendor\illuminate\container\BoundMethod.php(39): Illuminate\Container\BoundMethod::callBoundMethod(Object(Laravel\Lumen\Application), Array, Object(Closure))
#10 C:\Users\sfmah\Documents\Projects\Misc_Projects\telegram-bot\vendor\illuminate\container\Container.php(592): Illuminate\Container\BoundMethod::call(Object(Laravel\Lumen\Application), Array, Array, NULL)
#11 C:\Users\sfmah\Documents\Projects\Misc_Projects\telegram-bot\vendor\laravel\lumen-framework\src\Concerns\RoutesRequests.php(386): Illuminate\Container\Container->call(Array, Array)
#12 C:\Users\sfmah\Documents\Projects\Misc_Projects\telegram-bot\vendor\laravel\lumen-framework\src\Concerns\RoutesRequests.php(352): Laravel\Lumen\Application->callControllerCallable(Array, Array)
#13 C:\Users\sfmah\Documents\Projects\Misc_Projects\telegram-bot\vendor\laravel\lumen-framework\src\Concerns\RoutesRequests.php(326): Laravel\Lumen\Application->callLumenController(Object(App\Http\Controllers\Controller), 'route', Array)
#14 C:\Users\sfmah\Documents\Projects\Misc_Projects\telegram-bot\vendor\laravel\lumen-framework\src\Concerns\RoutesRequests.php(279): Laravel\Lumen\Application->callControllerAction(Array)
#15 C:\Users\sfmah\Documents\Projects\Misc_Projects\telegram-bot\vendor\laravel\lumen-framework\src\Concerns\RoutesRequests.php(264): Laravel\Lumen\Application->callActionOnArrayBasedRoute(Array)
#16 C:\Users\sfmah\Documents\Projects\Misc_Projects\telegram-bot\vendor\laravel\lumen-framework\src\Concerns\RoutesRequests.php(166): Laravel\Lumen\Application->handleFoundRoute(Array)
#17 C:\Users\sfmah\Documents\Projects\Misc_Projects\telegram-bot\vendor\laravel\lumen-framework\src\Concerns\RoutesRequests.php(426): Laravel\Lumen\Application->Laravel\Lumen\Concerns\{closure}(Object(Laravel\Lumen\Http\Request))
#18 C:\Users\sfmah\Documents\Projects\Misc_Projects\telegram-bot\vendor\laravel\lumen-framework\src\Concerns\RoutesRequests.php(172): Laravel\Lumen\Application->sendThroughPipeline(Array, Object(Closure))
#19 C:\Users\sfmah\Documents\Projects\Misc_Projects\telegram-bot\vendor\laravel\lumen-framework\src\Concerns\RoutesRequests.php(109): Laravel\Lumen\Application->dispatch(NULL)
#20 C:\Users\sfmah\Documents\Projects\Misc_Projects\telegram-bot\public\index.php(28): Laravel\Lumen\Application->run()
#21 {main}

Next Illuminate\Contracts\Container\BindingResolutionException: Target class [App\Http\Controllers\Request] does not exist. in C:\Users\sfmah\Documents\Projects\Misc_Projects\telegram-bot\vendor\illuminate\container\Container.php:807
Stack trace:
#0 C:\Users\sfmah\Documents\Projects\Misc_Projects\telegram-bot\vendor\illuminate\container\Container.php(687): Illuminate\Container\Container->build('App\\Http\\Contro...')
#1 C:\Users\sfmah\Documents\Projects\Misc_Projects\telegram-bot\vendor\illuminate\container\Container.php(633): Illuminate\Container\Container->resolve('App\\Http\\Contro...', Array)
#2 C:\Users\sfmah\Documents\Projects\Misc_Projects\telegram-bot\vendor\laravel\lumen-framework\src\Application.php(300): Illuminate\Container\Container->make('App\\Http\\Contro...', Array)
#3 C:\Users\sfmah\Documents\Projects\Misc_Projects\telegram-bot\vendor\illuminate\container\BoundMethod.php(175): Laravel\Lumen\Application->make('App\\Http\\Contro...')
#4 C:\Users\sfmah\Documents\Projects\Misc_Projects\telegram-bot\vendor\illuminate\container\BoundMethod.php(126): Illuminate\Container\BoundMethod::addDependencyForCallParameter(Object(Laravel\Lumen\Application), Object(ReflectionParameter), Array, Array)
#5 C:\Users\sfmah\Documents\Projects\Misc_Projects\telegram-bot\vendor\illuminate\container\BoundMethod.php(37): Illuminate\Container\BoundMethod::getMethodDependencies(Object(Laravel\Lumen\Application), Array, Array)
#6 C:\Users\sfmah\Documents\Projects\Misc_Projects\telegram-bot\vendor\illuminate\container\Util.php(37): Illuminate\Container\BoundMethod::Illuminate\Container\{closure}()
#7 C:\Users\sfmah\Documents\Projects\Misc_Projects\telegram-bot\vendor\illuminate\container\BoundMethod.php(95): Illuminate\Container\Util::unwrapIfClosure(Object(Closure))
#8 C:\Users\sfmah\Documents\Projects\Misc_Projects\telegram-bot\vendor\illuminate\container\BoundMethod.php(39): Illuminate\Container\BoundMethod::callBoundMethod(Object(Laravel\Lumen\Application), Array, Object(Closure))
#9 C:\Users\sfmah\Documents\Projects\Misc_Projects\telegram-bot\vendor\illuminate\container\Container.php(592): Illuminate\Container\BoundMethod::call(Object(Laravel\Lumen\Application), Array, Array, NULL)
#10 C:\Users\sfmah\Documents\Projects\Misc_Projects\telegram-bot\vendor\laravel\lumen-framework\src\Concerns\RoutesRequests.php(386): Illuminate\Container\Container->call(Array, Array)
#11 C:\Users\sfmah\Documents\Projects\Misc_Projects\telegram-bot\vendor\laravel\lumen-framework\src\Concerns\RoutesRequests.php(352): Laravel\Lumen\Application->callControllerCallable(Array, Array)
#12 C:\Users\sfmah\Documents\Projects\Misc_Projects\telegram-bot\vendor\laravel\lumen-framework\src\Concerns\RoutesRequests.php(326): Laravel\Lumen\Application->callLumenController(Object(App\Http\Controllers\Controller), 'route', Array)
#13 C:\Users\sfmah\Documents\Projects\Misc_Projects\telegram-bot\vendor\laravel\lumen-framework\src\Concerns\RoutesRequests.php(279): Laravel\Lumen\Application->callControllerAction(Array)
#14 C:\Users\sfmah\Documents\Projects\Misc_Projects\telegram-bot\vendor\laravel\lumen-framework\src\Concerns\RoutesRequests.php(264): Laravel\Lumen\Application->callActionOnArrayBasedRoute(Array)
#15 C:\Users\sfmah\Documents\Projects\Misc_Projects\telegram-bot\vendor\laravel\lumen-framework\src\Concerns\RoutesRequests.php(166): Laravel\Lumen\Application->handleFoundRoute(Array)
#16 C:\Users\sfmah\Documents\Projects\Misc_Projects\telegram-bot\vendor\laravel\lumen-framework\src\Concerns\RoutesRequests.php(426): Laravel\Lumen\Application->Laravel\Lumen\Concerns\{closure}(Object(Laravel\Lumen\Http\Request))
#17 C:\Users\sfmah\Documents\Projects\Misc_Projects\telegram-bot\vendor\laravel\lumen-framework\src\Concerns\RoutesRequests.php(172): Laravel\Lumen\Application->sendThroughPipeline(Array, Object(Closure))
#18 C:\Users\sfmah\Documents\Projects\Misc_Projects\telegram-bot\vendor\laravel\lumen-framework\src\Concerns\RoutesRequests.php(109): Laravel\Lumen\Application->dispatch(NULL)
#19 C:\Users\sfmah\Documents\Projects\Misc_Projects\telegram-bot\public\index.php(28): Laravel\Lumen\Application->run()
#20 {main} {"exception":"[object] (Illuminate\\Contracts\\Container\\BindingResolutionException(code: 0): Target class [App\\Http\\Controllers\\Request] does not exist. at C:\\Users\\sfmah\\Documents\\Projects\\Misc_Projects\\telegram-bot\\vendor\\illuminate\\container\\Container.php:807)
[stacktrace]
#0 C:\\Users\\sfmah\\Documents\\Projects\\Misc_Projects\\telegram-bot\\vendor\\illuminate\\container\\Container.php(687): Illuminate\\Container\\Container->build('App\\\\Http\\\\Contro...')
#1 C:\\Users\\sfmah\\Documents\\Projects\\Misc_Projects\\telegram-bot\\vendor\\illuminate\\container\\Container.php(633): Illuminate\\Container\\Container->resolve('App\\\\Http\\\\Contro...', Array)
#2 C:\\Users\\sfmah\\Documents\\Projects\\Misc_Projects\\telegram-bot\\vendor\\laravel\\lumen-framework\\src\\Application.php(300): Illuminate\\Container\\Container->make('App\\\\Http\\\\Contro...', Array)
#3 C:\\Users\\sfmah\\Documents\\Projects\\Misc_Projects\\telegram-bot\\vendor\\illuminate\\container\\BoundMethod.php(175): Laravel\\Lumen\\Application->make('App\\\\Http\\\\Contro...')
#4 C:\\Users\\sfmah\\Documents\\Projects\\Misc_Projects\\telegram-bot\\vendor\\illuminate\\container\\BoundMethod.php(126): Illuminate\\Container\\BoundMethod::addDependencyForCallParameter(Object(Laravel\\Lumen\\Application), Object(ReflectionParameter), Array, Array)
#5 C:\\Users\\sfmah\\Documents\\Projects\\Misc_Projects\\telegram-bot\\vendor\\illuminate\\container\\BoundMethod.php(37): Illuminate\\Container\\BoundMethod::getMethodDependencies(Object(Laravel\\Lumen\\Application), Array, Array)
#6 C:\\Users\\sfmah\\Documents\\Projects\\Misc_Projects\\telegram-bot\\vendor\\illuminate\\container\\Util.php(37): Illuminate\\Container\\BoundMethod::Illuminate\\Container\\{closure}()
#7 C:\\Users\\sfmah\\Documents\\Projects\\Misc_Projects\\telegram-bot\\vendor\\illuminate\\container\\BoundMethod.php(95): Illuminate\\Container\\Util::unwrapIfClosure(Object(Closure))
#8 C:\\Users\\sfmah\\Documents\\Projects\\Misc_Projects\\telegram-bot\\vendor\\illuminate\\container\\BoundMethod.php(39): Illuminate\\Container\\BoundMethod::callBoundMethod(Object(Laravel\\Lumen\\Application), Array, Object(Closure))
#9 C:\\Users\\sfmah\\Documents\\Projects\\Misc_Projects\\telegram-bot\\vendor\\illuminate\\container\\Container.php(592): Illuminate\\Container\\BoundMethod::call(Object(Laravel\\Lumen\\Application), Array, Array, NULL)
#10 C:\\Users\\sfmah\\Documents\\Projects\\Misc_Projects\\telegram-bot\\vendor\\laravel\\lumen-framework\\src\\Concerns\\RoutesRequests.php(386): Illuminate\\Container\\Container->call(Array, Array)
#11 C:\\Users\\sfmah\\Documents\\Projects\\Misc_Projects\\telegram-bot\\vendor\\laravel\\lumen-framework\\src\\Concerns\\RoutesRequests.php(352): Laravel\\Lumen\\Application->callControllerCallable(Array, Array)
#12 C:\\Users\\sfmah\\Documents\\Projects\\Misc_Projects\\telegram-bot\\vendor\\laravel\\lumen-framework\\src\\Concerns\\RoutesRequests.php(326): Laravel\\Lumen\\Application->callLumenController(Object(App\\Http\\Controllers\\Controller), 'route', Array)
#13 C:\\Users\\sfmah\\Documents\\Projects\\Misc_Projects\\telegram-bot\\vendor\\laravel\\lumen-framework\\src\\Concerns\\RoutesRequests.php(279): Laravel\\Lumen\\Application->callControllerAction(Array)
#14 C:\\Users\\sfmah\\Documents\\Projects\\Misc_Projects\\telegram-bot\\vendor\\laravel\\lumen-framework\\src\\Concerns\\RoutesRequests.php(264): Laravel\\Lumen\\Application->callActionOnArrayBasedRoute(Array)
#15 C:\\Users\\sfmah\\Documents\\Projects\\Misc_Projects\\telegram-bot\\vendor\\laravel\\lumen-framework\\src\\Concerns\\RoutesRequests.php(166): Laravel\\Lumen\\Application->handleFoundRoute(Array)
#16 C:\\Users\\sfmah\\Documents\\Projects\\Misc_Projects\\telegram-bot\\vendor\\laravel\\lumen-framework\\src\\Concerns\\RoutesRequests.php(426): Laravel\\Lumen\\Application->Laravel\\Lumen\\Concerns\\{closure}(Object(Laravel\\Lumen\\Http\\Request))
#17 C:\\Users\\sfmah\\Documents\\Projects\\Misc_Projects\\telegram-bot\\vendor\\laravel\\lumen-framework\\src\\Concerns\\RoutesRequests.php(172): Laravel\\Lumen\\Application->sendThroughPipeline(Array, Object(Closure))
#18 C:\\Users\\sfmah\\Documents\\Projects\\Misc_Projects\\telegram-bot\\vendor\\laravel\\lumen-framework\\src\\Concerns\\RoutesRequests.php(109): Laravel\\Lumen\\Application->dispatch(NULL)
#19 C:\\Users\\sfmah\\Documents\\Projects\\Misc_Projects\\telegram-bot\\public\\index.php(28): Laravel\\Lumen\\Application->run()
#20 {main}

[previous exception] [object] (ReflectionException(code: -1): Class App\\Http\\Controllers\\Request does not exist at C:\\Users\\sfmah\\Documents\\Projects\\Misc_Projects\\telegram-bot\\vendor\\illuminate\\container\\Container.php:805)
[stacktrace]
#0 C:\\Users\\sfmah\\Documents\\Projects\\Misc_Projects\\telegram-bot\\vendor\\illuminate\\container\\Container.php(805): ReflectionClass->__construct('App\\\\Http\\\\Contro...')
#1 C:\\Users\\sfmah\\Documents\\Projects\\Misc_Projects\\telegram-bot\\vendor\\illuminate\\container\\Container.php(687): Illuminate\\Container\\Container->build('App\\\\Http\\\\Contro...')
#2 C:\\Users\\sfmah\\Documents\\Projects\\Misc_Projects\\telegram-bot\\vendor\\illuminate\\container\\Container.php(633): Illuminate\\Container\\Container->resolve('App\\\\Http\\\\Contro...', Array)
#3 C:\\Users\\sfmah\\Documents\\Projects\\Misc_Projects\\telegram-bot\\vendor\\laravel\\lumen-framework\\src\\Application.php(300): Illuminate\\Container\\Container->make('App\\\\Http\\\\Contro...', Array)
#4 C:\\Users\\sfmah\\Documents\\Projects\\Misc_Projects\\telegram-bot\\vendor\\illuminate\\container\\BoundMethod.php(175): Laravel\\Lumen\\Application->make('App\\\\Http\\\\Contro...')
#5 C:\\Users\\sfmah\\Documents\\Projects\\Misc_Projects\\telegram-bot\\vendor\\illuminate\\container\\BoundMethod.php(126): Illuminate\\Container\\BoundMethod::addDependencyForCallParameter(Object(Laravel\\Lumen\\Application), Object(ReflectionParameter), Array, Array)
#6 C:\\Users\\sfmah\\Documents\\Projects\\Misc_Projects\\telegram-bot\\vendor\\illuminate\\container\\BoundMethod.php(37): Illuminate\\Container\\BoundMethod::getMethodDependencies(Object(Laravel\\Lumen\\Application), Array, Array)
#7 C:\\Users\\sfmah\\Documents\\Projects\\Misc_Projects\\telegram-bot\\vendor\\illuminate\\container\\Util.php(37): Illuminate\\Container\\BoundMethod::Illuminate\\Container\\{closure}()
#8 C:\\Users\\sfmah\\Documents\\Projects\\Misc_Projects\\telegram-bot\\vendor\\illuminate\\container\\BoundMethod.php(95): Illuminate\\Container\\Util::unwrapIfClosure(Object(Closure))
#9 C:\\Users\\sfmah\\Documents\\Projects\\Misc_Projects\\telegram-bot\\vendor\\illuminate\\container\\BoundMethod.php(39): Illuminate\\Container\\BoundMethod::callBoundMethod(Object(Laravel\\Lumen\\Application), Array, Object(Closure))
#10 C:\\Users\\sfmah\\Documents\\Projects\\Misc_Projects\\telegram-bot\\vendor\\illuminate\\container\\Container.php(592): Illuminate\\Container\\BoundMethod::call(Object(Laravel\\Lumen\\Application), Array, Array, NULL)
#11 C:\\Users\\sfmah\\Documents\\Projects\\Misc_Projects\\telegram-bot\\vendor\\laravel\\lumen-framework\\src\\Concerns\\RoutesRequests.php(386): Illuminate\\Container\\Container->call(Array, Array)
#12 C:\\Users\\sfmah\\Documents\\Projects\\Misc_Projects\\telegram-bot\\vendor\\laravel\\lumen-framework\\src\\Concerns\\RoutesRequests.php(352): Laravel\\Lumen\\Application->callControllerCallable(Array, Array)
#13 C:\\Users\\sfmah\\Documents\\Projects\\Misc_Projects\\telegram-bot\\vendor\\laravel\\lumen-framework\\src\\Concerns\\RoutesRequests.php(326): Laravel\\Lumen\\Application->callLumenController(Object(App\\Http\\Controllers\\Controller), 'route', Array)
#14 C:\\Users\\sfmah\\Documents\\Projects\\Misc_Projects\\telegram-bot\\vendor\\laravel\\lumen-framework\\src\\Concerns\\RoutesRequests.php(279): Laravel\\Lumen\\Application->callControllerAction(Array)
#15 C:\\Users\\sfmah\\Documents\\Projects\\Misc_Projects\\telegram-bot\\vendor\\laravel\\lumen-framework\\src\\Concerns\\RoutesRequests.php(264): Laravel\\Lumen\\Application->callActionOnArrayBasedRoute(Array)
#16 C:\\Users\\sfmah\\Documents\\Projects\\Misc_Projects\\telegram-bot\\vendor\\laravel\\lumen-framework\\src\\Concerns\\RoutesRequests.php(166): Laravel\\Lumen\\Application->handleFoundRoute(Array)
#17 C:\\Users\\sfmah\\Documents\\Projects\\Misc_Projects\\telegram-bot\\vendor\\laravel\\lumen-framework\\src\\Concerns\\RoutesRequests.php(426): Laravel\\Lumen\\Application->Laravel\\Lumen\\Concerns\\{closure}(Object(Laravel\\Lumen\\Http\\Request))
#18 C:\\Users\\sfmah\\Documents\\Projects\\Misc_Projects\\telegram-bot\\vendor\\laravel\\lumen-framework\\src\\Concerns\\RoutesRequests.php(172): Laravel\\Lumen\\Application->sendThroughPipeline(Array, Object(Closure))
#19 C:\\Users\\sfmah\\Documents\\Projects\\Misc_Projects\\telegram-bot\\vendor\\laravel\\lumen-framework\\src\\Concerns\\RoutesRequests.php(109): Laravel\\Lumen\\Application->dispatch(NULL)
#20 C:\\Users\\sfmah\\Documents\\Projects\\Misc_Projects\\telegram-bot\\public\\index.php(28): Laravel\\Lumen\\Application->run()
#21 {main}
"} 
[2020-08-02 16:32:15] local.ERROR: ReflectionException: Class App\Http\Controllers\Request does not exist in C:\Users\sfmah\Documents\Projects\Misc_Projects\telegram-bot\vendor\illuminate\container\Container.php:805
Stack trace:
#0 C:\Users\sfmah\Documents\Projects\Misc_Projects\telegram-bot\vendor\illuminate\container\Container.php(805): ReflectionClass->__construct('App\\Http\\Contro...')
#1 C:\Users\sfmah\Documents\Projects\Misc_Projects\telegram-bot\vendor\illuminate\container\Container.php(687): Illuminate\Container\Container->build('App\\Http\\Contro...')
#2 C:\Users\sfmah\Documents\Projects\Misc_Projects\telegram-bot\vendor\illuminate\container\Container.php(633): Illuminate\Container\Container->resolve('App\\Http\\Contro...', Array)
#3 C:\Users\sfmah\Documents\Projects\Misc_Projects\telegram-bot\vendor\laravel\lumen-framework\src\Application.php(300): Illuminate\Container\Container->make('App\\Http\\Contro...', Array)
#4 C:\Users\sfmah\Documents\Projects\Misc_Projects\telegram-bot\vendor\illuminate\container\BoundMethod.php(175): Laravel\Lumen\Application->make('App\\Http\\Contro...')
#5 C:\Users\sfmah\Documents\Projects\Misc_Projects\telegram-bot\vendor\illuminate\container\BoundMethod.php(126): Illuminate\Container\BoundMethod::addDependencyForCallParameter(Object(Laravel\Lumen\Application), Object(ReflectionParameter), Array, Array)
#6 C:\Users\sfmah\Documents\Projects\Misc_Projects\telegram-bot\vendor\illuminate\container\BoundMethod.php(37): Illuminate\Container\BoundMethod::getMethodDependencies(Object(Laravel\Lumen\Application), Array, Array)
#7 C:\Users\sfmah\Documents\Projects\Misc_Projects\telegram-bot\vendor\illuminate\container\Util.php(37): Illuminate\Container\BoundMethod::Illuminate\Container\{closure}()
#8 C:\Users\sfmah\Documents\Projects\Misc_Projects\telegram-bot\vendor\illuminate\container\BoundMethod.php(95): Illuminate\Container\Util::unwrapIfClosure(Object(Closure))
#9 C:\Users\sfmah\Documents\Projects\Misc_Projects\telegram-bot\vendor\illuminate\container\BoundMethod.php(39): Illuminate\Container\BoundMethod::callBoundMethod(Object(Laravel\Lumen\Application), Array, Object(Closure))
#10 C:\Users\sfmah\Documents\Projects\Misc_Projects\telegram-bot\vendor\illuminate\container\Container.php(592): Illuminate\Container\BoundMethod::call(Object(Laravel\Lumen\Application), Array, Array, NULL)
#11 C:\Users\sfmah\Documents\Projects\Misc_Projects\telegram-bot\vendor\laravel\lumen-framework\src\Concerns\RoutesRequests.php(386): Illuminate\Container\Container->call(Array, Array)
#12 C:\Users\sfmah\Documents\Projects\Misc_Projects\telegram-bot\vendor\laravel\lumen-framework\src\Concerns\RoutesRequests.php(352): Laravel\Lumen\Application->callControllerCallable(Array, Array)
#13 C:\Users\sfmah\Documents\Projects\Misc_Projects\telegram-bot\vendor\laravel\lumen-framework\src\Concerns\RoutesRequests.php(326): Laravel\Lumen\Application->callLumenController(Object(App\Http\Controllers\Controller), 'route', Array)
#14 C:\Users\sfmah\Documents\Projects\Misc_Projects\telegram-bot\vendor\laravel\lumen-framework\src\Concerns\RoutesRequests.php(279): Laravel\Lumen\Application->callControllerAction(Array)
#15 C:\Users\sfmah\Documents\Projects\Misc_Projects\telegram-bot\vendor\laravel\lumen-framework\src\Concerns\RoutesRequests.php(264): Laravel\Lumen\Application->callActionOnArrayBasedRoute(Array)
#16 C:\Users\sfmah\Documents\Projects\Misc_Projects\telegram-bot\vendor\laravel\lumen-framework\src\Concerns\RoutesRequests.php(166): Laravel\Lumen\Application->handleFoundRoute(Array)
#17 C:\Users\sfmah\Documents\Projects\Misc_Projects\telegram-bot\vendor\laravel\lumen-framework\src\Concerns\RoutesRequests.php(426): Laravel\Lumen\Application->Laravel\Lumen\Concerns\{closure}(Object(Laravel\Lumen\Http\Request))
#18 C:\Users\sfmah\Documents\Projects\Misc_Projects\telegram-bot\vendor\laravel\lumen-framework\src\Concerns\RoutesRequests.php(172): Laravel\Lumen\Application->sendThroughPipeline(Array, Object(Closure))
#19 C:\Users\sfmah\Documents\Projects\Misc_Projects\telegram-bot\vendor\laravel\lumen-framework\src\Concerns\RoutesRequests.php(109): Laravel\Lumen\Application->dispatch(NULL)
#20 C:\Users\sfmah\Documents\Projects\Misc_Projects\telegram-bot\public\index.php(28): Laravel\Lumen\Application->run()
#21 {main}

Next Illuminate\Contracts\Container\BindingResolutionException: Target class [App\Http\Controllers\Request] does not exist. in C:\Users\sfmah\Documents\Projects\Misc_Projects\telegram-bot\vendor\illuminate\container\Container.php:807
Stack trace:
#0 C:\Users\sfmah\Documents\Projects\Misc_Projects\telegram-bot\vendor\illuminate\container\Container.php(687): Illuminate\Container\Container->build('App\\Http\\Contro...')
#1 C:\Users\sfmah\Documents\Projects\Misc_Projects\telegram-bot\vendor\illuminate\container\Container.php(633): Illuminate\Container\Container->resolve('App\\Http\\Contro...', Array)
#2 C:\Users\sfmah\Documents\Projects\Misc_Projects\telegram-bot\vendor\laravel\lumen-framework\src\Application.php(300): Illuminate\Container\Container->make('App\\Http\\Contro...', Array)
#3 C:\Users\sfmah\Documents\Projects\Misc_Projects\telegram-bot\vendor\illuminate\container\BoundMethod.php(175): Laravel\Lumen\Application->make('App\\Http\\Contro...')
#4 C:\Users\sfmah\Documents\Projects\Misc_Projects\telegram-bot\vendor\illuminate\container\BoundMethod.php(126): Illuminate\Container\BoundMethod::addDependencyForCallParameter(Object(Laravel\Lumen\Application), Object(ReflectionParameter), Array, Array)
#5 C:\Users\sfmah\Documents\Projects\Misc_Projects\telegram-bot\vendor\illuminate\container\BoundMethod.php(37): Illuminate\Container\BoundMethod::getMethodDependencies(Object(Laravel\Lumen\Application), Array, Array)
#6 C:\Users\sfmah\Documents\Projects\Misc_Projects\telegram-bot\vendor\illuminate\container\Util.php(37): Illuminate\Container\BoundMethod::Illuminate\Container\{closure}()
#7 C:\Users\sfmah\Documents\Projects\Misc_Projects\telegram-bot\vendor\illuminate\container\BoundMethod.php(95): Illuminate\Container\Util::unwrapIfClosure(Object(Closure))
#8 C:\Users\sfmah\Documents\Projects\Misc_Projects\telegram-bot\vendor\illuminate\container\BoundMethod.php(39): Illuminate\Container\BoundMethod::callBoundMethod(Object(Laravel\Lumen\Application), Array, Object(Closure))
#9 C:\Users\sfmah\Documents\Projects\Misc_Projects\telegram-bot\vendor\illuminate\container\Container.php(592): Illuminate\Container\BoundMethod::call(Object(Laravel\Lumen\Application), Array, Array, NULL)
#10 C:\Users\sfmah\Documents\Projects\Misc_Projects\telegram-bot\vendor\laravel\lumen-framework\src\Concerns\RoutesRequests.php(386): Illuminate\Container\Container->call(Array, Array)
#11 C:\Users\sfmah\Documents\Projects\Misc_Projects\telegram-bot\vendor\laravel\lumen-framework\src\Concerns\RoutesRequests.php(352): Laravel\Lumen\Application->callControllerCallable(Array, Array)
#12 C:\Users\sfmah\Documents\Projects\Misc_Projects\telegram-bot\vendor\laravel\lumen-framework\src\Concerns\RoutesRequests.php(326): Laravel\Lumen\Application->callLumenController(Object(App\Http\Controllers\Controller), 'route', Array)
#13 C:\Users\sfmah\Documents\Projects\Misc_Projects\telegram-bot\vendor\laravel\lumen-framework\src\Concerns\RoutesRequests.php(279): Laravel\Lumen\Application->callControllerAction(Array)
#14 C:\Users\sfmah\Documents\Projects\Misc_Projects\telegram-bot\vendor\laravel\lumen-framework\src\Concerns\RoutesRequests.php(264): Laravel\Lumen\Application->callActionOnArrayBasedRoute(Array)
#15 C:\Users\sfmah\Documents\Projects\Misc_Projects\telegram-bot\vendor\laravel\lumen-framework\src\Concerns\RoutesRequests.php(166): Laravel\Lumen\Application->handleFoundRoute(Array)
#16 C:\Users\sfmah\Documents\Projects\Misc_Projects\telegram-bot\vendor\laravel\lumen-framework\src\Concerns\RoutesRequests.php(426): Laravel\Lumen\Application->Laravel\Lumen\Concerns\{closure}(Object(Laravel\Lumen\Http\Request))
#17 C:\Users\sfmah\Documents\Projects\Misc_Projects\telegram-bot\vendor\laravel\lumen-framework\src\Concerns\RoutesRequests.php(172): Laravel\Lumen\Application->sendThroughPipeline(Array, Object(Closure))
#18 C:\Users\sfmah\Documents\Projects\Misc_Projects\telegram-bot\vendor\laravel\lumen-framework\src\Concerns\RoutesRequests.php(109): Laravel\Lumen\Application->dispatch(NULL)
#19 C:\Users\sfmah\Documents\Projects\Misc_Projects\telegram-bot\public\index.php(28): Laravel\Lumen\Application->run()
#20 {main} {"exception":"[object] (Illuminate\\Contracts\\Container\\BindingResolutionException(code: 0): Target class [App\\Http\\Controllers\\Request] does not exist. at C:\\Users\\sfmah\\Documents\\Projects\\Misc_Projects\\telegram-bot\\vendor\\illuminate\\container\\Container.php:807)
[stacktrace]
#0 C:\\Users\\sfmah\\Documents\\Projects\\Misc_Projects\\telegram-bot\\vendor\\illuminate\\container\\Container.php(687): Illuminate\\Container\\Container->build('App\\\\Http\\\\Contro...')
#1 C:\\Users\\sfmah\\Documents\\Projects\\Misc_Projects\\telegram-bot\\vendor\\illuminate\\container\\Container.php(633): Illuminate\\Container\\Container->resolve('App\\\\Http\\\\Contro...', Array)
#2 C:\\Users\\sfmah\\Documents\\Projects\\Misc_Projects\\telegram-bot\\vendor\\laravel\\lumen-framework\\src\\Application.php(300): Illuminate\\Container\\Container->make('App\\\\Http\\\\Contro...', Array)
#3 C:\\Users\\sfmah\\Documents\\Projects\\Misc_Projects\\telegram-bot\\vendor\\illuminate\\container\\BoundMethod.php(175): Laravel\\Lumen\\Application->make('App\\\\Http\\\\Contro...')
#4 C:\\Users\\sfmah\\Documents\\Projects\\Misc_Projects\\telegram-bot\\vendor\\illuminate\\container\\BoundMethod.php(126): Illuminate\\Container\\BoundMethod::addDependencyForCallParameter(Object(Laravel\\Lumen\\Application), Object(ReflectionParameter), Array, Array)
#5 C:\\Users\\sfmah\\Documents\\Projects\\Misc_Projects\\telegram-bot\\vendor\\illuminate\\container\\BoundMethod.php(37): Illuminate\\Container\\BoundMethod::getMethodDependencies(Object(Laravel\\Lumen\\Application), Array, Array)
#6 C:\\Users\\sfmah\\Documents\\Projects\\Misc_Projects\\telegram-bot\\vendor\\illuminate\\container\\Util.php(37): Illuminate\\Container\\BoundMethod::Illuminate\\Container\\{closure}()
#7 C:\\Users\\sfmah\\Documents\\Projects\\Misc_Projects\\telegram-bot\\vendor\\illuminate\\container\\BoundMethod.php(95): Illuminate\\Container\\Util::unwrapIfClosure(Object(Closure))
#8 C:\\Users\\sfmah\\Documents\\Projects\\Misc_Projects\\telegram-bot\\vendor\\illuminate\\container\\BoundMethod.php(39): Illuminate\\Container\\BoundMethod::callBoundMethod(Object(Laravel\\Lumen\\Application), Array, Object(Closure))
#9 C:\\Users\\sfmah\\Documents\\Projects\\Misc_Projects\\telegram-bot\\vendor\\illuminate\\container\\Container.php(592): Illuminate\\Container\\BoundMethod::call(Object(Laravel\\Lumen\\Application), Array, Array, NULL)
#10 C:\\Users\\sfmah\\Documents\\Projects\\Misc_Projects\\telegram-bot\\vendor\\laravel\\lumen-framework\\src\\Concerns\\RoutesRequests.php(386): Illuminate\\Container\\Container->call(Array, Array)
#11 C:\\Users\\sfmah\\Documents\\Projects\\Misc_Projects\\telegram-bot\\vendor\\laravel\\lumen-framework\\src\\Concerns\\RoutesRequests.php(352): Laravel\\Lumen\\Application->callControllerCallable(Array, Array)
#12 C:\\Users\\sfmah\\Documents\\Projects\\Misc_Projects\\telegram-bot\\vendor\\laravel\\lumen-framework\\src\\Concerns\\RoutesRequests.php(326): Laravel\\Lumen\\Application->callLumenController(Object(App\\Http\\Controllers\\Controller), 'route', Array)
#13 C:\\Users\\sfmah\\Documents\\Projects\\Misc_Projects\\telegram-bot\\vendor\\laravel\\lumen-framework\\src\\Concerns\\RoutesRequests.php(279): Laravel\\Lumen\\Application->callControllerAction(Array)
#14 C:\\Users\\sfmah\\Documents\\Projects\\Misc_Projects\\telegram-bot\\vendor\\laravel\\lumen-framework\\src\\Concerns\\RoutesRequests.php(264): Laravel\\Lumen\\Application->callActionOnArrayBasedRoute(Array)
#15 C:\\Users\\sfmah\\Documents\\Projects\\Misc_Projects\\telegram-bot\\vendor\\laravel\\lumen-framework\\src\\Concerns\\RoutesRequests.php(166): Laravel\\Lumen\\Application->handleFoundRoute(Array)
#16 C:\\Users\\sfmah\\Documents\\Projects\\Misc_Projects\\telegram-bot\\vendor\\laravel\\lumen-framework\\src\\Concerns\\RoutesRequests.php(426): Laravel\\Lumen\\Application->Laravel\\Lumen\\Concerns\\{closure}(Object(Laravel\\Lumen\\Http\\Request))
#17 C:\\Users\\sfmah\\Documents\\Projects\\Misc_Projects\\telegram-bot\\vendor\\laravel\\lumen-framework\\src\\Concerns\\RoutesRequests.php(172): Laravel\\Lumen\\Application->sendThroughPipeline(Array, Object(Closure))
#18 C:\\Users\\sfmah\\Documents\\Projects\\Misc_Projects\\telegram-bot\\vendor\\laravel\\lumen-framework\\src\\Concerns\\RoutesRequests.php(109): Laravel\\Lumen\\Application->dispatch(NULL)
#19 C:\\Users\\sfmah\\Documents\\Projects\\Misc_Projects\\telegram-bot\\public\\index.php(28): Laravel\\Lumen\\Application->run()
#20 {main}

[previous exception] [object] (ReflectionException(code: -1): Class App\\Http\\Controllers\\Request does not exist at C:\\Users\\sfmah\\Documents\\Projects\\Misc_Projects\\telegram-bot\\vendor\\illuminate\\container\\Container.php:805)
[stacktrace]
#0 C:\\Users\\sfmah\\Documents\\Projects\\Misc_Projects\\telegram-bot\\vendor\\illuminate\\container\\Container.php(805): ReflectionClass->__construct('App\\\\Http\\\\Contro...')
#1 C:\\Users\\sfmah\\Documents\\Projects\\Misc_Projects\\telegram-bot\\vendor\\illuminate\\container\\Container.php(687): Illuminate\\Container\\Container->build('App\\\\Http\\\\Contro...')
#2 C:\\Users\\sfmah\\Documents\\Projects\\Misc_Projects\\telegram-bot\\vendor\\illuminate\\container\\Container.php(633): Illuminate\\Container\\Container->resolve('App\\\\Http\\\\Contro...', Array)
#3 C:\\Users\\sfmah\\Documents\\Projects\\Misc_Projects\\telegram-bot\\vendor\\laravel\\lumen-framework\\src\\Application.php(300): Illuminate\\Container\\Container->make('App\\\\Http\\\\Contro...', Array)
#4 C:\\Users\\sfmah\\Documents\\Projects\\Misc_Projects\\telegram-bot\\vendor\\illuminate\\container\\BoundMethod.php(175): Laravel\\Lumen\\Application->make('App\\\\Http\\\\Contro...')
#5 C:\\Users\\sfmah\\Documents\\Projects\\Misc_Projects\\telegram-bot\\vendor\\illuminate\\container\\BoundMethod.php(126): Illuminate\\Container\\BoundMethod::addDependencyForCallParameter(Object(Laravel\\Lumen\\Application), Object(ReflectionParameter), Array, Array)
#6 C:\\Users\\sfmah\\Documents\\Projects\\Misc_Projects\\telegram-bot\\vendor\\illuminate\\container\\BoundMethod.php(37): Illuminate\\Container\\BoundMethod::getMethodDependencies(Object(Laravel\\Lumen\\Application), Array, Array)
#7 C:\\Users\\sfmah\\Documents\\Projects\\Misc_Projects\\telegram-bot\\vendor\\illuminate\\container\\Util.php(37): Illuminate\\Container\\BoundMethod::Illuminate\\Container\\{closure}()
#8 C:\\Users\\sfmah\\Documents\\Projects\\Misc_Projects\\telegram-bot\\vendor\\illuminate\\container\\BoundMethod.php(95): Illuminate\\Container\\Util::unwrapIfClosure(Object(Closure))
#9 C:\\Users\\sfmah\\Documents\\Projects\\Misc_Projects\\telegram-bot\\vendor\\illuminate\\container\\BoundMethod.php(39): Illuminate\\Container\\BoundMethod::callBoundMethod(Object(Laravel\\Lumen\\Application), Array, Object(Closure))
#10 C:\\Users\\sfmah\\Documents\\Projects\\Misc_Projects\\telegram-bot\\vendor\\illuminate\\container\\Container.php(592): Illuminate\\Container\\BoundMethod::call(Object(Laravel\\Lumen\\Application), Array, Array, NULL)
#11 C:\\Users\\sfmah\\Documents\\Projects\\Misc_Projects\\telegram-bot\\vendor\\laravel\\lumen-framework\\src\\Concerns\\RoutesRequests.php(386): Illuminate\\Container\\Container->call(Array, Array)
#12 C:\\Users\\sfmah\\Documents\\Projects\\Misc_Projects\\telegram-bot\\vendor\\laravel\\lumen-framework\\src\\Concerns\\RoutesRequests.php(352): Laravel\\Lumen\\Application->callControllerCallable(Array, Array)
#13 C:\\Users\\sfmah\\Documents\\Projects\\Misc_Projects\\telegram-bot\\vendor\\laravel\\lumen-framework\\src\\Concerns\\RoutesRequests.php(326): Laravel\\Lumen\\Application->callLumenController(Object(App\\Http\\Controllers\\Controller), 'route', Array)
#14 C:\\Users\\sfmah\\Documents\\Projects\\Misc_Projects\\telegram-bot\\vendor\\laravel\\lumen-framework\\src\\Concerns\\RoutesRequests.php(279): Laravel\\Lumen\\Application->callControllerAction(Array)
#15 C:\\Users\\sfmah\\Documents\\Projects\\Misc_Projects\\telegram-bot\\vendor\\laravel\\lumen-framework\\src\\Concerns\\RoutesRequests.php(264): Laravel\\Lumen\\Application->callActionOnArrayBasedRoute(Array)
#16 C:\\Users\\sfmah\\Documents\\Projects\\Misc_Projects\\telegram-bot\\vendor\\laravel\\lumen-framework\\src\\Concerns\\RoutesRequests.php(166): Laravel\\Lumen\\Application->handleFoundRoute(Array)
#17 C:\\Users\\sfmah\\Documents\\Projects\\Misc_Projects\\telegram-bot\\vendor\\laravel\\lumen-framework\\src\\Concerns\\RoutesRequests.php(426): Laravel\\Lumen\\Application->Laravel\\Lumen\\Concerns\\{closure}(Object(Laravel\\Lumen\\Http\\Request))
#18 C:\\Users\\sfmah\\Documents\\Projects\\Misc_Projects\\telegram-bot\\vendor\\laravel\\lumen-framework\\src\\Concerns\\RoutesRequests.php(172): Laravel\\Lumen\\Application->sendThroughPipeline(Array, Object(Closure))
#19 C:\\Users\\sfmah\\Documents\\Projects\\Misc_Projects\\telegram-bot\\vendor\\laravel\\lumen-framework\\src\\Concerns\\RoutesRequests.php(109): Laravel\\Lumen\\Application->dispatch(NULL)
#20 C:\\Users\\sfmah\\Documents\\Projects\\Misc_Projects\\telegram-bot\\public\\index.php(28): Laravel\\Lumen\\Application->run()
#21 {main}
"} 
[2020-08-02 16:34:20] local.ERROR: Illuminate\Contracts\Container\BindingResolutionException: Unable to resolve dependency [Parameter #1 [ <required> $botToken ]] in class App\Http\Controllers\Controller in C:\Users\sfmah\Documents\Projects\Misc_Projects\telegram-bot\vendor\illuminate\container\BoundMethod.php:182
Stack trace:
#0 C:\Users\sfmah\Documents\Projects\Misc_Projects\telegram-bot\vendor\illuminate\container\BoundMethod.php(126): Illuminate\Container\BoundMethod::addDependencyForCallParameter(Object(Laravel\Lumen\Application), Object(ReflectionParameter), Array, Array)
#1 C:\Users\sfmah\Documents\Projects\Misc_Projects\telegram-bot\vendor\illuminate\container\BoundMethod.php(37): Illuminate\Container\BoundMethod::getMethodDependencies(Object(Laravel\Lumen\Application), Array, Array)
#2 C:\Users\sfmah\Documents\Projects\Misc_Projects\telegram-bot\vendor\illuminate\container\Util.php(37): Illuminate\Container\BoundMethod::Illuminate\Container\{closure}()
#3 C:\Users\sfmah\Documents\Projects\Misc_Projects\telegram-bot\vendor\illuminate\container\BoundMethod.php(95): Illuminate\Container\Util::unwrapIfClosure(Object(Closure))
#4 C:\Users\sfmah\Documents\Projects\Misc_Projects\telegram-bot\vendor\illuminate\container\BoundMethod.php(39): Illuminate\Container\BoundMethod::callBoundMethod(Object(Laravel\Lumen\Application), Array, Object(Closure))
#5 C:\Users\sfmah\Documents\Projects\Misc_Projects\telegram-bot\vendor\illuminate\container\Container.php(592): Illuminate\Container\BoundMethod::call(Object(Laravel\Lumen\Application), Array, Array, NULL)
#6 C:\Users\sfmah\Documents\Projects\Misc_Projects\telegram-bot\vendor\laravel\lumen-framework\src\Concerns\RoutesRequests.php(386): Illuminate\Container\Container->call(Array, Array)
#7 C:\Users\sfmah\Documents\Projects\Misc_Projects\telegram-bot\vendor\laravel\lumen-framework\src\Concerns\RoutesRequests.php(352): Laravel\Lumen\Application->callControllerCallable(Array, Array)
#8 C:\Users\sfmah\Documents\Projects\Misc_Projects\telegram-bot\vendor\laravel\lumen-framework\src\Concerns\RoutesRequests.php(326): Laravel\Lumen\Application->callLumenController(Object(App\Http\Controllers\Controller), 'route', Array)
#9 C:\Users\sfmah\Documents\Projects\Misc_Projects\telegram-bot\vendor\laravel\lumen-framework\src\Concerns\RoutesRequests.php(279): Laravel\Lumen\Application->callControllerAction(Array)
#10 C:\Users\sfmah\Documents\Projects\Misc_Projects\telegram-bot\vendor\laravel\lumen-framework\src\Concerns\RoutesRequests.php(264): Laravel\Lumen\Application->callActionOnArrayBasedRoute(Array)
#11 C:\Users\sfmah\Documents\Projects\Misc_Projects\telegram-bot\vendor\laravel\lumen-framework\src\Concerns\RoutesRequests.php(166): Laravel\Lumen\Application->handleFoundRoute(Array)
#12 C:\Users\sfmah\Documents\Projects\Misc_Projects\telegram-bot\vendor\laravel\lumen-framework\src\Concerns\RoutesRequests.php(426): Laravel\Lumen\Application->Laravel\Lumen\Concerns\{closure}(Object(Laravel\Lumen\Http\Request))
#13 C:\Users\sfmah\Documents\Projects\Misc_Projects\telegram-bot\vendor\laravel\lumen-framework\src\Concerns\RoutesRequests.php(172): Laravel\Lumen\Application->sendThroughPipeline(Array, Object(Closure))
#14 C:\Users\sfmah\Documents\Projects\Misc_Projects\telegram-bot\vendor\laravel\lumen-framework\src\Concerns\RoutesRequests.php(109): Laravel\Lumen\Application->dispatch(NULL)
#15 C:\Users\sfmah\Documents\Projects\Misc_Projects\telegram-bot\public\index.php(28): Laravel\Lumen\Application->run()
#16 {main} {"exception":"[object] (Illuminate\\Contracts\\Container\\BindingResolutionException(code: 0): Unable to resolve dependency [Parameter #1 [ <required> $botToken ]] in class App\\Http\\Controllers\\Controller at C:\\Users\\sfmah\\Documents\\Projects\\Misc_Projects\\telegram-bot\\vendor\\illuminate\\container\\BoundMethod.php:182)
[stacktrace]
#0 C:\\Users\\sfmah\\Documents\\Projects\\Misc_Projects\\telegram-bot\\vendor\\illuminate\\container\\BoundMethod.php(126): Illuminate\\Container\\BoundMethod::addDependencyForCallParameter(Object(Laravel\\Lumen\\Application), Object(ReflectionParameter), Array, Array)
#1 C:\\Users\\sfmah\\Documents\\Projects\\Misc_Projects\\telegram-bot\\vendor\\illuminate\\container\\BoundMethod.php(37): Illuminate\\Container\\BoundMethod::getMethodDependencies(Object(Laravel\\Lumen\\Application), Array, Array)
#2 C:\\Users\\sfmah\\Documents\\Projects\\Misc_Projects\\telegram-bot\\vendor\\illuminate\\container\\Util.php(37): Illuminate\\Container\\BoundMethod::Illuminate\\Container\\{closure}()
#3 C:\\Users\\sfmah\\Documents\\Projects\\Misc_Projects\\telegram-bot\\vendor\\illuminate\\container\\BoundMethod.php(95): Illuminate\\Container\\Util::unwrapIfClosure(Object(Closure))
#4 C:\\Users\\sfmah\\Documents\\Projects\\Misc_Projects\\telegram-bot\\vendor\\illuminate\\container\\BoundMethod.php(39): Illuminate\\Container\\BoundMethod::callBoundMethod(Object(Laravel\\Lumen\\Application), Array, Object(Closure))
#5 C:\\Users\\sfmah\\Documents\\Projects\\Misc_Projects\\telegram-bot\\vendor\\illuminate\\container\\Container.php(592): Illuminate\\Container\\BoundMethod::call(Object(Laravel\\Lumen\\Application), Array, Array, NULL)
#6 C:\\Users\\sfmah\\Documents\\Projects\\Misc_Projects\\telegram-bot\\vendor\\laravel\\lumen-framework\\src\\Concerns\\RoutesRequests.php(386): Illuminate\\Container\\Container->call(Array, Array)
#7 C:\\Users\\sfmah\\Documents\\Projects\\Misc_Projects\\telegram-bot\\vendor\\laravel\\lumen-framework\\src\\Concerns\\RoutesRequests.php(352): Laravel\\Lumen\\Application->callControllerCallable(Array, Array)
#8 C:\\Users\\sfmah\\Documents\\Projects\\Misc_Projects\\telegram-bot\\vendor\\laravel\\lumen-framework\\src\\Concerns\\RoutesRequests.php(326): Laravel\\Lumen\\Application->callLumenController(Object(App\\Http\\Controllers\\Controller), 'route', Array)
#9 C:\\Users\\sfmah\\Documents\\Projects\\Misc_Projects\\telegram-bot\\vendor\\laravel\\lumen-framework\\src\\Concerns\\RoutesRequests.php(279): Laravel\\Lumen\\Application->callControllerAction(Array)
#10 C:\\Users\\sfmah\\Documents\\Projects\\Misc_Projects\\telegram-bot\\vendor\\laravel\\lumen-framework\\src\\Concerns\\RoutesRequests.php(264): Laravel\\Lumen\\Application->callActionOnArrayBasedRoute(Array)
#11 C:\\Users\\sfmah\\Documents\\Projects\\Misc_Projects\\telegram-bot\\vendor\\laravel\\lumen-framework\\src\\Concerns\\RoutesRequests.php(166): Laravel\\Lumen\\Application->handleFoundRoute(Array)
#12 C:\\Users\\sfmah\\Documents\\Projects\\Misc_Projects\\telegram-bot\\vendor\\laravel\\lumen-framework\\src\\Concerns\\RoutesRequests.php(426): Laravel\\Lumen\\Application->Laravel\\Lumen\\Concerns\\{closure}(Object(Laravel\\Lumen\\Http\\Request))
#13 C:\\Users\\sfmah\\Documents\\Projects\\Misc_Projects\\telegram-bot\\vendor\\laravel\\lumen-framework\\src\\Concerns\\RoutesRequests.php(172): Laravel\\Lumen\\Application->sendThroughPipeline(Array, Object(Closure))
#14 C:\\Users\\sfmah\\Documents\\Projects\\Misc_Projects\\telegram-bot\\vendor\\laravel\\lumen-framework\\src\\Concerns\\RoutesRequests.php(109): Laravel\\Lumen\\Application->dispatch(NULL)
#15 C:\\Users\\sfmah\\Documents\\Projects\\Misc_Projects\\telegram-bot\\public\\index.php(28): Laravel\\Lumen\\Application->run()
#16 {main}
"} 
[2020-08-02 16:49:41] local.ERROR: FastRoute\BadRouteException: Static route "/test" is shadowed by previously defined variable route "/([^/]+)" for method "GET" in C:\Users\sfmah\Documents\Projects\Misc_Projects\telegram-bot\vendor\nikic\fast-route\src\DataGenerator\RegexBasedAbstract.php:95
Stack trace:
#0 C:\Users\sfmah\Documents\Projects\Misc_Projects\telegram-bot\vendor\nikic\fast-route\src\DataGenerator\RegexBasedAbstract.php(30): FastRoute\DataGenerator\RegexBasedAbstract->addStaticRoute('GET', Array, Array)
#1 C:\Users\sfmah\Documents\Projects\Misc_Projects\telegram-bot\vendor\nikic\fast-route\src\RouteCollector.php(44): FastRoute\DataGenerator\RegexBasedAbstract->addRoute('GET', Array, Array)
#2 C:\Users\sfmah\Documents\Projects\Misc_Projects\telegram-bot\vendor\laravel\lumen-framework\src\Concerns\RoutesRequests.php(204): FastRoute\RouteCollector->addRoute('GET', '/test', Array)
#3 C:\Users\sfmah\Documents\Projects\Misc_Projects\telegram-bot\vendor\nikic\fast-route\src\functions.php(25): Laravel\Lumen\Application->Laravel\Lumen\Concerns\{closure}(Object(FastRoute\RouteCollector))
#4 C:\Users\sfmah\Documents\Projects\Misc_Projects\telegram-bot\vendor\laravel\lumen-framework\src\Concerns\RoutesRequests.php(206): FastRoute\simpleDispatcher(Object(Closure))
#5 C:\Users\sfmah\Documents\Projects\Misc_Projects\telegram-bot\vendor\laravel\lumen-framework\src\Concerns\RoutesRequests.php(170): Laravel\Lumen\Application->createDispatcher()
#6 C:\Users\sfmah\Documents\Projects\Misc_Projects\telegram-bot\vendor\laravel\lumen-framework\src\Concerns\RoutesRequests.php(426): Laravel\Lumen\Application->Laravel\Lumen\Concerns\{closure}(Object(Laravel\Lumen\Http\Request))
#7 C:\Users\sfmah\Documents\Projects\Misc_Projects\telegram-bot\vendor\laravel\lumen-framework\src\Concerns\RoutesRequests.php(172): Laravel\Lumen\Application->sendThroughPipeline(Array, Object(Closure))
#8 C:\Users\sfmah\Documents\Projects\Misc_Projects\telegram-bot\vendor\laravel\lumen-framework\src\Concerns\RoutesRequests.php(109): Laravel\Lumen\Application->dispatch(NULL)
#9 C:\Users\sfmah\Documents\Projects\Misc_Projects\telegram-bot\public\index.php(28): Laravel\Lumen\Application->run()
#10 {main} {"exception":"[object] (FastRoute\\BadRouteException(code: 0): Static route \"/test\" is shadowed by previously defined variable route \"/([^/]+)\" for method \"GET\" at C:\\Users\\sfmah\\Documents\\Projects\\Misc_Projects\\telegram-bot\\vendor\
ikic\\fast-route\\src\\DataGenerator\\RegexBasedAbstract.php:95)
[stacktrace]
#0 C:\\Users\\sfmah\\Documents\\Projects\\Misc_Projects\\telegram-bot\\vendor\
ikic\\fast-route\\src\\DataGenerator\\RegexBasedAbstract.php(30): FastRoute\\DataGenerator\\RegexBasedAbstract->addStaticRoute('GET', Array, Array)
#1 C:\\Users\\sfmah\\Documents\\Projects\\Misc_Projects\\telegram-bot\\vendor\
ikic\\fast-route\\src\\RouteCollector.php(44): FastRoute\\DataGenerator\\RegexBasedAbstract->addRoute('GET', Array, Array)
#2 C:\\Users\\sfmah\\Documents\\Projects\\Misc_Projects\\telegram-bot\\vendor\\laravel\\lumen-framework\\src\\Concerns\\RoutesRequests.php(204): FastRoute\\RouteCollector->addRoute('GET', '/test', Array)
#3 C:\\Users\\sfmah\\Documents\\Projects\\Misc_Projects\\telegram-bot\\vendor\
ikic\\fast-route\\src\\functions.php(25): Laravel\\Lumen\\Application->Laravel\\Lumen\\Concerns\\{closure}(Object(FastRoute\\RouteCollector))
#4 C:\\Users\\sfmah\\Documents\\Projects\\Misc_Projects\\telegram-bot\\vendor\\laravel\\lumen-framework\\src\\Concerns\\RoutesRequests.php(206): FastRoute\\simpleDispatcher(Object(Closure))
#5 C:\\Users\\sfmah\\Documents\\Projects\\Misc_Projects\\telegram-bot\\vendor\\laravel\\lumen-framework\\src\\Concerns\\RoutesRequests.php(170): Laravel\\Lumen\\Application->createDispatcher()
#6 C:\\Users\\sfmah\\Documents\\Projects\\Misc_Projects\\telegram-bot\\vendor\\laravel\\lumen-framework\\src\\Concerns\\RoutesRequests.php(426): Laravel\\Lumen\\Application->Laravel\\Lumen\\Concerns\\{closure}(Object(Laravel\\Lumen\\Http\\Request))
#7 C:\\Users\\sfmah\\Documents\\Projects\\Misc_Projects\\telegram-bot\\vendor\\laravel\\lumen-framework\\src\\Concerns\\RoutesRequests.php(172): Laravel\\Lumen\\Application->sendThroughPipeline(Array, Object(Closure))
#8 C:\\Users\\sfmah\\Documents\\Projects\\Misc_Projects\\telegram-bot\\vendor\\laravel\\lumen-framework\\src\\Concerns\\RoutesRequests.php(109): Laravel\\Lumen\\Application->dispatch(NULL)
#9 C:\\Users\\sfmah\\Documents\\Projects\\Misc_Projects\\telegram-bot\\public\\index.php(28): Laravel\\Lumen\\Application->run()
#10 {main}
"} 
[2020-08-02 16:50:29] local.ERROR: FastRoute\BadRouteException: Static route "/test" is shadowed by previously defined variable route "/([^/]+)" for method "GET" in C:\Users\sfmah\Documents\Projects\Misc_Projects\telegram-bot\vendor\nikic\fast-route\src\DataGenerator\RegexBasedAbstract.php:95
Stack trace:
#0 C:\Users\sfmah\Documents\Projects\Misc_Projects\telegram-bot\vendor\nikic\fast-route\src\DataGenerator\RegexBasedAbstract.php(30): FastRoute\DataGenerator\RegexBasedAbstract->addStaticRoute('GET', Array, Array)
#1 C:\Users\sfmah\Documents\Projects\Misc_Projects\telegram-bot\vendor\nikic\fast-route\src\RouteCollector.php(44): FastRoute\DataGenerator\RegexBasedAbstract->addRoute('GET', Array, Array)
#2 C:\Users\sfmah\Documents\Projects\Misc_Projects\telegram-bot\vendor\laravel\lumen-framework\src\Concerns\RoutesRequests.php(204): FastRoute\RouteCollector->addRoute('GET', '/test', Array)
#3 C:\Users\sfmah\Documents\Projects\Misc_Projects\telegram-bot\vendor\nikic\fast-route\src\functions.php(25): Laravel\Lumen\Application->Laravel\Lumen\Concerns\{closure}(Object(FastRoute\RouteCollector))
#4 C:\Users\sfmah\Documents\Projects\Misc_Projects\telegram-bot\vendor\laravel\lumen-framework\src\Concerns\RoutesRequests.php(206): FastRoute\simpleDispatcher(Object(Closure))
#5 C:\Users\sfmah\Documents\Projects\Misc_Projects\telegram-bot\vendor\laravel\lumen-framework\src\Concerns\RoutesRequests.php(170): Laravel\Lumen\Application->createDispatcher()
#6 C:\Users\sfmah\Documents\Projects\Misc_Projects\telegram-bot\vendor\laravel\lumen-framework\src\Concerns\RoutesRequests.php(426): Laravel\Lumen\Application->Laravel\Lumen\Concerns\{closure}(Object(Laravel\Lumen\Http\Request))
#7 C:\Users\sfmah\Documents\Projects\Misc_Projects\telegram-bot\vendor\laravel\lumen-framework\src\Concerns\RoutesRequests.php(172): Laravel\Lumen\Application->sendThroughPipeline(Array, Object(Closure))
#8 C:\Users\sfmah\Documents\Projects\Misc_Projects\telegram-bot\vendor\laravel\lumen-framework\src\Concerns\RoutesRequests.php(109): Laravel\Lumen\Application->dispatch(NULL)
#9 C:\Users\sfmah\Documents\Projects\Misc_Projects\telegram-bot\public\index.php(28): Laravel\Lumen\Application->run()
#10 {main} {"exception":"[object] (FastRoute\\BadRouteException(code: 0): Static route \"/test\" is shadowed by previously defined variable route \"/([^/]+)\" for method \"GET\" at C:\\Users\\sfmah\\Documents\\Projects\\Misc_Projects\\telegram-bot\\vendor\
ikic\\fast-route\\src\\DataGenerator\\RegexBasedAbstract.php:95)
[stacktrace]
#0 C:\\Users\\sfmah\\Documents\\Projects\\Misc_Projects\\telegram-bot\\vendor\
ikic\\fast-route\\src\\DataGenerator\\RegexBasedAbstract.php(30): FastRoute\\DataGenerator\\RegexBasedAbstract->addStaticRoute('GET', Array, Array)
#1 C:\\Users\\sfmah\\Documents\\Projects\\Misc_Projects\\telegram-bot\\vendor\
ikic\\fast-route\\src\\RouteCollector.php(44): FastRoute\\DataGenerator\\RegexBasedAbstract->addRoute('GET', Array, Array)
#2 C:\\Users\\sfmah\\Documents\\Projects\\Misc_Projects\\telegram-bot\\vendor\\laravel\\lumen-framework\\src\\Concerns\\RoutesRequests.php(204): FastRoute\\RouteCollector->addRoute('GET', '/test', Array)
#3 C:\\Users\\sfmah\\Documents\\Projects\\Misc_Projects\\telegram-bot\\vendor\
ikic\\fast-route\\src\\functions.php(25): Laravel\\Lumen\\Application->Laravel\\Lumen\\Concerns\\{closure}(Object(FastRoute\\RouteCollector))
#4 C:\\Users\\sfmah\\Documents\\Projects\\Misc_Projects\\telegram-bot\\vendor\\laravel\\lumen-framework\\src\\Concerns\\RoutesRequests.php(206): FastRoute\\simpleDispatcher(Object(Closure))
#5 C:\\Users\\sfmah\\Documents\\Projects\\Misc_Projects\\telegram-bot\\vendor\\laravel\\lumen-framework\\src\\Concerns\\RoutesRequests.php(170): Laravel\\Lumen\\Application->createDispatcher()
#6 C:\\Users\\sfmah\\Documents\\Projects\\Misc_Projects\\telegram-bot\\vendor\\laravel\\lumen-framework\\src\\Concerns\\RoutesRequests.php(426): Laravel\\Lumen\\Application->Laravel\\Lumen\\Concerns\\{closure}(Object(Laravel\\Lumen\\Http\\Request))
#7 C:\\Users\\sfmah\\Documents\\Projects\\Misc_Projects\\telegram-bot\\vendor\\laravel\\lumen-framework\\src\\Concerns\\RoutesRequests.php(172): Laravel\\Lumen\\Application->sendThroughPipeline(Array, Object(Closure))
#8 C:\\Users\\sfmah\\Documents\\Projects\\Misc_Projects\\telegram-bot\\vendor\\laravel\\lumen-framework\\src\\Concerns\\RoutesRequests.php(109): Laravel\\Lumen\\Application->dispatch(NULL)
#9 C:\\Users\\sfmah\\Documents\\Projects\\Misc_Projects\\telegram-bot\\public\\index.php(28): Laravel\\Lumen\\Application->run()
#10 {main}
"} 
[2020-08-02 16:50:30] local.ERROR: FastRoute\BadRouteException: Static route "/test" is shadowed by previously defined variable route "/([^/]+)" for method "GET" in C:\Users\sfmah\Documents\Projects\Misc_Projects\telegram-bot\vendor\nikic\fast-route\src\DataGenerator\RegexBasedAbstract.php:95
Stack trace:
#0 C:\Users\sfmah\Documents\Projects\Misc_Projects\telegram-bot\vendor\nikic\fast-route\src\DataGenerator\RegexBasedAbstract.php(30): FastRoute\DataGenerator\RegexBasedAbstract->addStaticRoute('GET', Array, Array)
#1 C:\Users\sfmah\Documents\Projects\Misc_Projects\telegram-bot\vendor\nikic\fast-route\src\RouteCollector.php(44): FastRoute\DataGenerator\RegexBasedAbstract->addRoute('GET', Array, Array)
#2 C:\Users\sfmah\Documents\Projects\Misc_Projects\telegram-bot\vendor\laravel\lumen-framework\src\Concerns\RoutesRequests.php(204): FastRoute\RouteCollector->addRoute('GET', '/test', Array)
#3 C:\Users\sfmah\Documents\Projects\Misc_Projects\telegram-bot\vendor\nikic\fast-route\src\functions.php(25): Laravel\Lumen\Application->Laravel\Lumen\Concerns\{closure}(Object(FastRoute\RouteCollector))
#4 C:\Users\sfmah\Documents\Projects\Misc_Projects\telegram-bot\vendor\laravel\lumen-framework\src\Concerns\RoutesRequests.php(206): FastRoute\simpleDispatcher(Object(Closure))
#5 C:\Users\sfmah\Documents\Projects\Misc_Projects\telegram-bot\vendor\laravel\lumen-framework\src\Concerns\RoutesRequests.php(170): Laravel\Lumen\Application->createDispatcher()
#6 C:\Users\sfmah\Documents\Projects\Misc_Projects\telegram-bot\vendor\laravel\lumen-framework\src\Concerns\RoutesRequests.php(426): Laravel\Lumen\Application->Laravel\Lumen\Concerns\{closure}(Object(Laravel\Lumen\Http\Request))
#7 C:\Users\sfmah\Documents\Projects\Misc_Projects\telegram-bot\vendor\laravel\lumen-framework\src\Concerns\RoutesRequests.php(172): Laravel\Lumen\Application->sendThroughPipeline(Array, Object(Closure))
#8 C:\Users\sfmah\Documents\Projects\Misc_Projects\telegram-bot\vendor\laravel\lumen-framework\src\Concerns\RoutesRequests.php(109): Laravel\Lumen\Application->dispatch(NULL)
#9 C:\Users\sfmah\Documents\Projects\Misc_Projects\telegram-bot\public\index.php(28): Laravel\Lumen\Application->run()
#10 {main} {"exception":"[object] (FastRoute\\BadRouteException(code: 0): Static route \"/test\" is shadowed by previously defined variable route \"/([^/]+)\" for method \"GET\" at C:\\Users\\sfmah\\Documents\\Projects\\Misc_Projects\\telegram-bot\\vendor\
ikic\\fast-route\\src\\DataGenerator\\RegexBasedAbstract.php:95)
[stacktrace]
#0 C:\\Users\\sfmah\\Documents\\Projects\\Misc_Projects\\telegram-bot\\vendor\
ikic\\fast-route\\src\\DataGenerator\\RegexBasedAbstract.php(30): FastRoute\\DataGenerator\\RegexBasedAbstract->addStaticRoute('GET', Array, Array)
#1 C:\\Users\\sfmah\\Documents\\Projects\\Misc_Projects\\telegram-bot\\vendor\
ikic\\fast-route\\src\\RouteCollector.php(44): FastRoute\\DataGenerator\\RegexBasedAbstract->addRoute('GET', Array, Array)
#2 C:\\Users\\sfmah\\Documents\\Projects\\Misc_Projects\\telegram-bot\\vendor\\laravel\\lumen-framework\\src\\Concerns\\RoutesRequests.php(204): FastRoute\\RouteCollector->addRoute('GET', '/test', Array)
#3 C:\\Users\\sfmah\\Documents\\Projects\\Misc_Projects\\telegram-bot\\vendor\
ikic\\fast-route\\src\\functions.php(25): Laravel\\Lumen\\Application->Laravel\\Lumen\\Concerns\\{closure}(Object(FastRoute\\RouteCollector))
#4 C:\\Users\\sfmah\\Documents\\Projects\\Misc_Projects\\telegram-bot\\vendor\\laravel\\lumen-framework\\src\\Concerns\\RoutesRequests.php(206): FastRoute\\simpleDispatcher(Object(Closure))
#5 C:\\Users\\sfmah\\Documents\\Projects\\Misc_Projects\\telegram-bot\\vendor\\laravel\\lumen-framework\\src\\Concerns\\RoutesRequests.php(170): Laravel\\Lumen\\Application->createDispatcher()
#6 C:\\Users\\sfmah\\Documents\\Projects\\Misc_Projects\\telegram-bot\\vendor\\laravel\\lumen-framework\\src\\Concerns\\RoutesRequests.php(426): Laravel\\Lumen\\Application->Laravel\\Lumen\\Concerns\\{closure}(Object(Laravel\\Lumen\\Http\\Request))
#7 C:\\Users\\sfmah\\Documents\\Projects\\Misc_Projects\\telegram-bot\\vendor\\laravel\\lumen-framework\\src\\Concerns\\RoutesRequests.php(172): Laravel\\Lumen\\Application->sendThroughPipeline(Array, Object(Closure))
#8 C:\\Users\\sfmah\\Documents\\Projects\\Misc_Projects\\telegram-bot\\vendor\\laravel\\lumen-framework\\src\\Concerns\\RoutesRequests.php(109): Laravel\\Lumen\\Application->dispatch(NULL)
#9 C:\\Users\\sfmah\\Documents\\Projects\\Misc_Projects\\telegram-bot\\public\\index.php(28): Laravel\\Lumen\\Application->run()
#10 {main}
"} 
[2020-08-02 16:50:39] local.ERROR: FastRoute\BadRouteException: Static route "/test" is shadowed by previously defined variable route "/([^/]+)" for method "GET" in C:\Users\sfmah\Documents\Projects\Misc_Projects\telegram-bot\vendor\nikic\fast-route\src\DataGenerator\RegexBasedAbstract.php:95
Stack trace:
#0 C:\Users\sfmah\Documents\Projects\Misc_Projects\telegram-bot\vendor\nikic\fast-route\src\DataGenerator\RegexBasedAbstract.php(30): FastRoute\DataGenerator\RegexBasedAbstract->addStaticRoute('GET', Array, Array)
#1 C:\Users\sfmah\Documents\Projects\Misc_Projects\telegram-bot\vendor\nikic\fast-route\src\RouteCollector.php(44): FastRoute\DataGenerator\RegexBasedAbstract->addRoute('GET', Array, Array)
#2 C:\Users\sfmah\Documents\Projects\Misc_Projects\telegram-bot\vendor\laravel\lumen-framework\src\Concerns\RoutesRequests.php(204): FastRoute\RouteCollector->addRoute('GET', '/test', Array)
#3 C:\Users\sfmah\Documents\Projects\Misc_Projects\telegram-bot\vendor\nikic\fast-route\src\functions.php(25): Laravel\Lumen\Application->Laravel\Lumen\Concerns\{closure}(Object(FastRoute\RouteCollector))
#4 C:\Users\sfmah\Documents\Projects\Misc_Projects\telegram-bot\vendor\laravel\lumen-framework\src\Concerns\RoutesRequests.php(206): FastRoute\simpleDispatcher(Object(Closure))
#5 C:\Users\sfmah\Documents\Projects\Misc_Projects\telegram-bot\vendor\laravel\lumen-framework\src\Concerns\RoutesRequests.php(170): Laravel\Lumen\Application->createDispatcher()
#6 C:\Users\sfmah\Documents\Projects\Misc_Projects\telegram-bot\vendor\laravel\lumen-framework\src\Concerns\RoutesRequests.php(426): Laravel\Lumen\Application->Laravel\Lumen\Concerns\{closure}(Object(Laravel\Lumen\Http\Request))
#7 C:\Users\sfmah\Documents\Projects\Misc_Projects\telegram-bot\vendor\laravel\lumen-framework\src\Concerns\RoutesRequests.php(172): Laravel\Lumen\Application->sendThroughPipeline(Array, Object(Closure))
#8 C:\Users\sfmah\Documents\Projects\Misc_Projects\telegram-bot\vendor\laravel\lumen-framework\src\Concerns\RoutesRequests.php(109): Laravel\Lumen\Application->dispatch(NULL)
#9 C:\Users\sfmah\Documents\Projects\Misc_Projects\telegram-bot\public\index.php(28): Laravel\Lumen\Application->run()
#10 {main} {"exception":"[object] (FastRoute\\BadRouteException(code: 0): Static route \"/test\" is shadowed by previously defined variable route \"/([^/]+)\" for method \"GET\" at C:\\Users\\sfmah\\Documents\\Projects\\Misc_Projects\\telegram-bot\\vendor\
ikic\\fast-route\\src\\DataGenerator\\RegexBasedAbstract.php:95)
[stacktrace]
#0 C:\\Users\\sfmah\\Documents\\Projects\\Misc_Projects\\telegram-bot\\vendor\
ikic\\fast-route\\src\\DataGenerator\\RegexBasedAbstract.php(30): FastRoute\\DataGenerator\\RegexBasedAbstract->addStaticRoute('GET', Array, Array)
#1 C:\\Users\\sfmah\\Documents\\Projects\\Misc_Projects\\telegram-bot\\vendor\
ikic\\fast-route\\src\\RouteCollector.php(44): FastRoute\\DataGenerator\\RegexBasedAbstract->addRoute('GET', Array, Array)
#2 C:\\Users\\sfmah\\Documents\\Projects\\Misc_Projects\\telegram-bot\\vendor\\laravel\\lumen-framework\\src\\Concerns\\RoutesRequests.php(204): FastRoute\\RouteCollector->addRoute('GET', '/test', Array)
#3 C:\\Users\\sfmah\\Documents\\Projects\\Misc_Projects\\telegram-bot\\vendor\
ikic\\fast-route\\src\\functions.php(25): Laravel\\Lumen\\Application->Laravel\\Lumen\\Concerns\\{closure}(Object(FastRoute\\RouteCollector))
#4 C:\\Users\\sfmah\\Documents\\Projects\\Misc_Projects\\telegram-bot\\vendor\\laravel\\lumen-framework\\src\\Concerns\\RoutesRequests.php(206): FastRoute\\simpleDispatcher(Object(Closure))
#5 C:\\Users\\sfmah\\Documents\\Projects\\Misc_Projects\\telegram-bot\\vendor\\laravel\\lumen-framework\\src\\Concerns\\RoutesRequests.php(170): Laravel\\Lumen\\Application->createDispatcher()
#6 C:\\Users\\sfmah\\Documents\\Projects\\Misc_Projects\\telegram-bot\\vendor\\laravel\\lumen-framework\\src\\Concerns\\RoutesRequests.php(426): Laravel\\Lumen\\Application->Laravel\\Lumen\\Concerns\\{closure}(Object(Laravel\\Lumen\\Http\\Request))
#7 C:\\Users\\sfmah\\Documents\\Projects\\Misc_Projects\\telegram-bot\\vendor\\laravel\\lumen-framework\\src\\Concerns\\RoutesRequests.php(172): Laravel\\Lumen\\Application->sendThroughPipeline(Array, Object(Closure))
#8 C:\\Users\\sfmah\\Documents\\Projects\\Misc_Projects\\telegram-bot\\vendor\\laravel\\lumen-framework\\src\\Concerns\\RoutesRequests.php(109): Laravel\\Lumen\\Application->dispatch(NULL)
#9 C:\\Users\\sfmah\\Documents\\Projects\\Misc_Projects\\telegram-bot\\public\\index.php(28): Laravel\\Lumen\\Application->run()
#10 {main}
"} 
[2020-08-02 16:54:38] local.ERROR: Illuminate\Contracts\Container\BindingResolutionException: Unable to resolve dependency [Parameter #1 [ <required> $botToken ]] in class App\Http\Controllers\Controller in C:\Users\sfmah\Documents\Projects\Misc_Projects\telegram-bot\vendor\illuminate\container\BoundMethod.php:182
Stack trace:
#0 C:\Users\sfmah\Documents\Projects\Misc_Projects\telegram-bot\vendor\illuminate\container\BoundMethod.php(126): Illuminate\Container\BoundMethod::addDependencyForCallParameter(Object(Laravel\Lumen\Application), Object(ReflectionParameter), Array, Array)
#1 C:\Users\sfmah\Documents\Projects\Misc_Projects\telegram-bot\vendor\illuminate\container\BoundMethod.php(37): Illuminate\Container\BoundMethod::getMethodDependencies(Object(Laravel\Lumen\Application), Array, Array)
#2 C:\Users\sfmah\Documents\Projects\Misc_Projects\telegram-bot\vendor\illuminate\container\Util.php(37): Illuminate\Container\BoundMethod::Illuminate\Container\{closure}()
#3 C:\Users\sfmah\Documents\Projects\Misc_Projects\telegram-bot\vendor\illuminate\container\BoundMethod.php(95): Illuminate\Container\Util::unwrapIfClosure(Object(Closure))
#4 C:\Users\sfmah\Documents\Projects\Misc_Projects\telegram-bot\vendor\illuminate\container\BoundMethod.php(39): Illuminate\Container\BoundMethod::callBoundMethod(Object(Laravel\Lumen\Application), Array, Object(Closure))
#5 C:\Users\sfmah\Documents\Projects\Misc_Projects\telegram-bot\vendor\illuminate\container\Container.php(592): Illuminate\Container\BoundMethod::call(Object(Laravel\Lumen\Application), Array, Array, NULL)
#6 C:\Users\sfmah\Documents\Projects\Misc_Projects\telegram-bot\vendor\laravel\lumen-framework\src\Concerns\RoutesRequests.php(386): Illuminate\Container\Container->call(Array, Array)
#7 C:\Users\sfmah\Documents\Projects\Misc_Projects\telegram-bot\vendor\laravel\lumen-framework\src\Concerns\RoutesRequests.php(352): Laravel\Lumen\Application->callControllerCallable(Array, Array)
#8 C:\Users\sfmah\Documents\Projects\Misc_Projects\telegram-bot\vendor\laravel\lumen-framework\src\Concerns\RoutesRequests.php(326): Laravel\Lumen\Application->callLumenController(Object(App\Http\Controllers\Controller), 'route', Array)
#9 C:\Users\sfmah\Documents\Projects\Misc_Projects\telegram-bot\vendor\laravel\lumen-framework\src\Concerns\RoutesRequests.php(279): Laravel\Lumen\Application->callControllerAction(Array)
#10 C:\Users\sfmah\Documents\Projects\Misc_Projects\telegram-bot\vendor\laravel\lumen-framework\src\Concerns\RoutesRequests.php(264): Laravel\Lumen\Application->callActionOnArrayBasedRoute(Array)
#11 C:\Users\sfmah\Documents\Projects\Misc_Projects\telegram-bot\vendor\laravel\lumen-framework\src\Concerns\RoutesRequests.php(166): Laravel\Lumen\Application->handleFoundRoute(Array)
#12 C:\Users\sfmah\Documents\Projects\Misc_Projects\telegram-bot\vendor\laravel\lumen-framework\src\Concerns\RoutesRequests.php(426): Laravel\Lumen\Application->Laravel\Lumen\Concerns\{closure}(Object(Laravel\Lumen\Http\Request))
#13 C:\Users\sfmah\Documents\Projects\Misc_Projects\telegram-bot\vendor\laravel\lumen-framework\src\Concerns\RoutesRequests.php(172): Laravel\Lumen\Application->sendThroughPipeline(Array, Object(Closure))
#14 C:\Users\sfmah\Documents\Projects\Misc_Projects\telegram-bot\vendor\laravel\lumen-framework\src\Concerns\RoutesRequests.php(109): Laravel\Lumen\Application->dispatch(NULL)
#15 C:\Users\sfmah\Documents\Projects\Misc_Projects\telegram-bot\public\index.php(28): Laravel\Lumen\Application->run()
#16 {main} {"exception":"[object] (Illuminate\\Contracts\\Container\\BindingResolutionException(code: 0): Unable to resolve dependency [Parameter #1 [ <required> $botToken ]] in class App\\Http\\Controllers\\Controller at C:\\Users\\sfmah\\Documents\\Projects\\Misc_Projects\\telegram-bot\\vendor\\illuminate\\container\\BoundMethod.php:182)
[stacktrace]
#0 C:\\Users\\sfmah\\Documents\\Projects\\Misc_Projects\\telegram-bot\\vendor\\illuminate\\container\\BoundMethod.php(126): Illuminate\\Container\\BoundMethod::addDependencyForCallParameter(Object(Laravel\\Lumen\\Application), Object(ReflectionParameter), Array, Array)
#1 C:\\Users\\sfmah\\Documents\\Projects\\Misc_Projects\\telegram-bot\\vendor\\illuminate\\container\\BoundMethod.php(37): Illuminate\\Container\\BoundMethod::getMethodDependencies(Object(Laravel\\Lumen\\Application), Array, Array)
#2 C:\\Users\\sfmah\\Documents\\Projects\\Misc_Projects\\telegram-bot\\vendor\\illuminate\\container\\Util.php(37): Illuminate\\Container\\BoundMethod::Illuminate\\Container\\{closure}()
#3 C:\\Users\\sfmah\\Documents\\Projects\\Misc_Projects\\telegram-bot\\vendor\\illuminate\\container\\BoundMethod.php(95): Illuminate\\Container\\Util::unwrapIfClosure(Object(Closure))
#4 C:\\Users\\sfmah\\Documents\\Projects\\Misc_Projects\\telegram-bot\\vendor\\illuminate\\container\\BoundMethod.php(39): Illuminate\\Container\\BoundMethod::callBoundMethod(Object(Laravel\\Lumen\\Application), Array, Object(Closure))
#5 C:\\Users\\sfmah\\Documents\\Projects\\Misc_Projects\\telegram-bot\\vendor\\illuminate\\container\\Container.php(592): Illuminate\\Container\\BoundMethod::call(Object(Laravel\\Lumen\\Application), Array, Array, NULL)
#6 C:\\Users\\sfmah\\Documents\\Projects\\Misc_Projects\\telegram-bot\\vendor\\laravel\\lumen-framework\\src\\Concerns\\RoutesRequests.php(386): Illuminate\\Container\\Container->call(Array, Array)
#7 C:\\Users\\sfmah\\Documents\\Projects\\Misc_Projects\\telegram-bot\\vendor\\laravel\\lumen-framework\\src\\Concerns\\RoutesRequests.php(352): Laravel\\Lumen\\Application->callControllerCallable(Array, Array)
#8 C:\\Users\\sfmah\\Documents\\Projects\\Misc_Projects\\telegram-bot\\vendor\\laravel\\lumen-framework\\src\\Concerns\\RoutesRequests.php(326): Laravel\\Lumen\\Application->callLumenController(Object(App\\Http\\Controllers\\Controller), 'route', Array)
#9 C:\\Users\\sfmah\\Documents\\Projects\\Misc_Projects\\telegram-bot\\vendor\\laravel\\lumen-framework\\src\\Concerns\\RoutesRequests.php(279): Laravel\\Lumen\\Application->callControllerAction(Array)
#10 C:\\Users\\sfmah\\Documents\\Projects\\Misc_Projects\\telegram-bot\\vendor\\laravel\\lumen-framework\\src\\Concerns\\RoutesRequests.php(264): Laravel\\Lumen\\Application->callActionOnArrayBasedRoute(Array)
#11 C:\\Users\\sfmah\\Documents\\Projects\\Misc_Projects\\telegram-bot\\vendor\\laravel\\lumen-framework\\src\\Concerns\\RoutesRequests.php(166): Laravel\\Lumen\\Application->handleFoundRoute(Array)
#12 C:\\Users\\sfmah\\Documents\\Projects\\Misc_Projects\\telegram-bot\\vendor\\laravel\\lumen-framework\\src\\Concerns\\RoutesRequests.php(426): Laravel\\Lumen\\Application->Laravel\\Lumen\\Concerns\\{closure}(Object(Laravel\\Lumen\\Http\\Request))
#13 C:\\Users\\sfmah\\Documents\\Projects\\Misc_Projects\\telegram-bot\\vendor\\laravel\\lumen-framework\\src\\Concerns\\RoutesRequests.php(172): Laravel\\Lumen\\Application->sendThroughPipeline(Array, Object(Closure))
#14 C:\\Users\\sfmah\\Documents\\Projects\\Misc_Projects\\telegram-bot\\vendor\\laravel\\lumen-framework\\src\\Concerns\\RoutesRequests.php(109): Laravel\\Lumen\\Application->dispatch(NULL)
#15 C:\\Users\\sfmah\\Documents\\Projects\\Misc_Projects\\telegram-bot\\public\\index.php(28): Laravel\\Lumen\\Application->run()
#16 {main}
"} 
